<?xml version="1.0" encoding="UTF-8"?>
<testsuite xmlns:xsi="http://www.w3.org/2001/XMLSchema-instance" xsi:noNamespaceSchemaLocation="https://maven.apache.org/surefire/maven-surefire-plugin/xsd/surefire-test-report.xsd" name="co.edu.unicauca.mvc.plugins.envioEmailTest" time="7.73" tests="1" errors="0" skipped="0" failures="0">
  <properties>
    <property name="java.specification.version" value="18"/>
    <property name="sun.cpu.isalist" value="amd64"/>
    <property name="sun.jnu.encoding" value="Cp1252"/>
    <property name="java.class.path" value="C:\Users\anais\OneDrive\Documentos\GitHub\Gestion-de-conferencias---Lab.-Software-II\aplicacion_CRUD_capas_mvc\aplicacion_capas_mvc\target\test-classes;C:\Users\anais\OneDrive\Documentos\GitHub\Gestion-de-conferencias---Lab.-Software-II\aplicacion_CRUD_capas_mvc\aplicacion_capas_mvc\target\classes;C:\Users\anais\.m2\repository\co\edu\unicauca\microkernel\plugins\mkPlugin\mkPlugin\1.0\mkPlugin-1.0.jar;C:\Users\anais\.m2\repository\com\sun\mail\javax.mail\1.6.2\javax.mail-1.6.2.jar;C:\Users\anais\.m2\repository\javax\activation\activation\1.1\activation-1.1.jar;C:\Users\anais\.m2\repository\co\edu\unicauca\microkernel\plugins\mkCommon\mkCommon\1.0-SNAPSHOT\mkCommon-1.0-SNAPSHOT.jar;C:\Users\anais\.m2\repository\org\xerial\sqlite-jdbc\3.46.1.3\sqlite-jdbc-3.46.1.3.jar;C:\Users\anais\.m2\repository\org\junit\jupiter\junit-jupiter-api\5.6.0\junit-jupiter-api-5.6.0.jar;C:\Users\anais\.m2\repository\org\apiguardian\apiguardian-api\1.1.0\apiguardian-api-1.1.0.jar;C:\Users\anais\.m2\repository\org\opentest4j\opentest4j\1.2.0\opentest4j-1.2.0.jar;C:\Users\anais\.m2\repository\org\junit\platform\junit-platform-commons\1.6.0\junit-platform-commons-1.6.0.jar;C:\Users\anais\.m2\repository\org\junit\jupiter\junit-jupiter-engine\5.6.0\junit-jupiter-engine-5.6.0.jar;C:\Users\anais\.m2\repository\org\junit\platform\junit-platform-engine\1.6.0\junit-platform-engine-1.6.0.jar;"/>
    <property name="java.vm.vendor" value="Oracle Corporation"/>
    <property name="sun.arch.data.model" value="64"/>
    <property name="user.variant" value=""/>
    <property name="java.vendor.url" value="https://java.oracle.com/"/>
    <property name="user.timezone" value="America/Bogota"/>
    <property name="os.name" value="Windows 11"/>
    <property name="java.vm.specification.version" value="18"/>
    <property name="user.country" value="CO"/>
    <property name="sun.java.launcher" value="SUN_STANDARD"/>
    <property name="sun.boot.library.path" value="C:\Program Files\Java\jdk-18.0.2\bin"/>
    <property name="sun.java.command" value="C:\Users\anais\AppData\Local\Temp\surefire17471014573843519673\surefirebooter11128252531636405500.jar C:\Users\anais\AppData\Local\Temp\surefire17471014573843519673 2024-09-29T23-10-39_581-jvmRun1 surefire7306026110848870106tmp surefire_016168663150379107965tmp"/>
    <property name="jdk.debug" value="release"/>
    <property name="surefire.test.class.path" value="C:\Users\anais\OneDrive\Documentos\GitHub\Gestion-de-conferencias---Lab.-Software-II\aplicacion_CRUD_capas_mvc\aplicacion_capas_mvc\target\test-classes;C:\Users\anais\OneDrive\Documentos\GitHub\Gestion-de-conferencias---Lab.-Software-II\aplicacion_CRUD_capas_mvc\aplicacion_capas_mvc\target\classes;C:\Users\anais\.m2\repository\co\edu\unicauca\microkernel\plugins\mkPlugin\mkPlugin\1.0\mkPlugin-1.0.jar;C:\Users\anais\.m2\repository\com\sun\mail\javax.mail\1.6.2\javax.mail-1.6.2.jar;C:\Users\anais\.m2\repository\javax\activation\activation\1.1\activation-1.1.jar;C:\Users\anais\.m2\repository\co\edu\unicauca\microkernel\plugins\mkCommon\mkCommon\1.0-SNAPSHOT\mkCommon-1.0-SNAPSHOT.jar;C:\Users\anais\.m2\repository\org\xerial\sqlite-jdbc\3.46.1.3\sqlite-jdbc-3.46.1.3.jar;C:\Users\anais\.m2\repository\org\junit\jupiter\junit-jupiter-api\5.6.0\junit-jupiter-api-5.6.0.jar;C:\Users\anais\.m2\repository\org\apiguardian\apiguardian-api\1.1.0\apiguardian-api-1.1.0.jar;C:\Users\anais\.m2\repository\org\opentest4j\opentest4j\1.2.0\opentest4j-1.2.0.jar;C:\Users\anais\.m2\repository\org\junit\platform\junit-platform-commons\1.6.0\junit-platform-commons-1.6.0.jar;C:\Users\anais\.m2\repository\org\junit\jupiter\junit-jupiter-engine\5.6.0\junit-jupiter-engine-5.6.0.jar;C:\Users\anais\.m2\repository\org\junit\platform\junit-platform-engine\1.6.0\junit-platform-engine-1.6.0.jar;"/>
    <property name="sun.cpu.endian" value="little"/>
    <property name="user.home" value="C:\Users\anais"/>
    <property name="user.language" value="es"/>
    <property name="java.specification.vendor" value="Oracle Corporation"/>
    <property name="java.version.date" value="2022-07-19"/>
    <property name="java.home" value="C:\Program Files\Java\jdk-18.0.2"/>
    <property name="file.separator" value="\"/>
    <property name="basedir" value="C:\Users\anais\OneDrive\Documentos\GitHub\Gestion-de-conferencias---Lab.-Software-II\aplicacion_CRUD_capas_mvc\aplicacion_capas_mvc"/>
    <property name="java.vm.compressedOopsMode" value="Zero based"/>
    <property name="line.separator" value="&#10;"/>
    <property name="java.vm.specification.vendor" value="Oracle Corporation"/>
    <property name="java.specification.name" value="Java Platform API Specification"/>
    <property name="surefire.real.class.path" value="C:\Users\anais\AppData\Local\Temp\surefire17471014573843519673\surefirebooter11128252531636405500.jar"/>
    <property name="user.script" value=""/>
    <property name="sun.management.compiler" value="HotSpot 64-Bit Tiered Compilers"/>
    <property name="java.runtime.version" value="18.0.2+9-61"/>
    <property name="user.name" value="anais"/>
    <property name="path.separator" value=";"/>
    <property name="os.version" value="10.0"/>
    <property name="java.runtime.name" value="Java(TM) SE Runtime Environment"/>
    <property name="file.encoding" value="UTF-8"/>
    <property name="java.vm.name" value="Java HotSpot(TM) 64-Bit Server VM"/>
    <property name="maven.ext.class.path" value="C:\Program Files\NetBeans-16\netbeans\java\maven-nblib\netbeans-eventspy.jar"/>
    <property name="localRepository" value="C:\Users\anais\.m2\repository"/>
    <property name="java.vendor.url.bug" value="https://bugreport.java.com/bugreport/"/>
    <property name="java.io.tmpdir" value="C:\Users\anais\AppData\Local\Temp\"/>
    <property name="java.version" value="18.0.2"/>
    <property name="user.dir" value="C:\Users\anais\OneDrive\Documentos\GitHub\Gestion-de-conferencias---Lab.-Software-II\aplicacion_CRUD_capas_mvc\aplicacion_capas_mvc"/>
    <property name="os.arch" value="amd64"/>
    <property name="java.vm.specification.name" value="Java Virtual Machine Specification"/>
    <property name="sun.os.patch.level" value=""/>
    <property name="native.encoding" value="Cp1252"/>
    <property name="java.library.path" value="C:\Program Files\Java\jdk-18.0.2\bin;C:\WINDOWS\Sun\Java\bin;C:\WINDOWS\system32;C:\WINDOWS;C:\app\anais\product\21c\dbhomeXE\bin;C:\Program Files\Microsoft\jdk-11.0.16.101-hotspot\bin;C:\Program Files\Common Files\Oracle\Java\javapath;C:\WINDOWS\system32;C:\WINDOWS;C:\WINDOWS\System32\Wbem;C:\WINDOWS\System32\WindowsPowerShell\v1.0\;C:\WINDOWS\System32\OpenSSH\;C:\Program Files\Microsoft SQL Server\150\Tools\Binn\;C:\Program Files\Microsoft SQL Server\Client SDK\ODBC\170\Tools\Binn\;C:\Program Files\MATLAB\R2023a\bin;C:\Program Files\HP\HP One Agent;C:\Program Files\Git\cmd;C:\Program Files\dotnet\;C:\Users\anais\AppData\Local\Programs\Python\Launcher\;C:\Users\anais\AppData\Local\Microsoft\WindowsApps;C:\Users\anais\.dotnet\tools;C:\msys64\ucrt64\bin;C:\Users\anais\AppData\Local\Programs\Microsoft VS Code\bin;C:\Users\anais\AppData\Local\GitHubDesktop\bin;."/>
    <property name="java.vm.info" value="mixed mode, sharing"/>
    <property name="java.vendor" value="Oracle Corporation"/>
    <property name="java.vm.version" value="18.0.2+9-61"/>
    <property name="sun.io.unicode.encoding" value="UnicodeLittle"/>
    <property name="java.class.version" value="62.0"/>
  </properties>
  <testcase name="testSendEmail" classname="co.edu.unicauca.mvc.plugins.envioEmailTest" time="7.719"/>
</testsuite>